<?xml version="1.0" encoding="UTF-8"?>
<!-- Generated by org.testng.reporters.JUnitXMLReporter -->
<testsuite hostname="DESKTOP-IC20N4B" ignored="0" name="SwagLab_Login_Logout_Flow" tests="3" failures="0" timestamp="05 Aug 2023 06:38:15 GMT" time="20.385" errors="0">
  <testcase name="webPage" time="4.67" classname="testNGFramework.Swaglab"/>
  <testcase name="logIn" time="10.585" classname="testNGFramework.Swaglab"/>
  <testcase name="logOut" time="5.089" classname="testNGFramework.Swaglab"/>
</testsuite> <!-- SwagLab_Login_Logout_Flow -->
