<?xml version="1.0" encoding="UTF-8"?>
<testng-results skipped="0" failed="0" ignored="0" total="1" passed="1">
  <reporter-output>
  </reporter-output>
  <suite name="Default suite" duration-ms="13832" started-at="2023-08-12T15:44:20Z" finished-at="2023-08-12T15:44:34Z">
    <groups>
    </groups>
    <test name="Default test" duration-ms="13832" started-at="2023-08-12T15:44:20Z" finished-at="2023-08-12T15:44:34Z">
      <class name="testNGFramework.TakingScreemShotMultiple">
        <test-method status="PASS" signature="screenshot()[pri:0, instance:testNGFramework.TakingScreemShotMultiple@42dafa95]" name="screenshot" duration-ms="13762" started-at="2023-08-12T21:14:20Z" finished-at="2023-08-12T21:14:34Z">
          <reporter-output>
          </reporter-output>
        </test-method> <!-- screenshot -->
      </class> <!-- testNGFramework.TakingScreemShotMultiple -->
    </test> <!-- Default test -->
  </suite> <!-- Default suite -->
</testng-results>
