<?xml version="1.0" encoding="UTF-8"?>
<!-- Generated by org.testng.reporters.JUnitXMLReporter -->
<testsuite hostname="DESKTOP-IC20N4B" ignored="0" name="AlertPopupAssing2_Follow" tests="2" failures="0" timestamp="05 Aug 2023 17:14:47 GMT" time="17.702" errors="0">
  <testcase name="a_webdriver" time="7.334" classname="testNGFramework.AlertPopupAssing2"/>
  <testcase name="b_alertFuntion" time="10.321" classname="testNGFramework.AlertPopupAssing2"/>
</testsuite> <!-- AlertPopupAssing2_Follow -->
