<?xml version="1.0" encoding="UTF-8"?>
<!-- Generated by org.testng.reporters.JUnitXMLReporter -->
<testsuite hostname="DESKTOP-IC20N4B" ignored="0" name="Formy_register_Follow" tests="4" failures="0" timestamp="05 Aug 2023 17:15:02 GMT" time="8.115" errors="0">
  <testcase name="a_webBrowser" time="6.182" classname="testNGFramework.Formy"/>
  <testcase name="b_datasTextField" time="0.715" classname="testNGFramework.Formy"/>
  <testcase name="c_radioButton" time="0.425" classname="testNGFramework.Formy"/>
  <testcase name="d_selectArea" time="0.768" classname="testNGFramework.Formy"/>
</testsuite> <!-- Formy_register_Follow -->
