<?xml version="1.0" encoding="UTF-8"?>
<!-- Generated by org.testng.reporters.JUnitXMLReporter -->
<testsuite hostname="DESKTOP-IC20N4B" ignored="2" name="Grouping_Flow" tests="3" failures="0" timestamp="12 Aug 2023 06:31:23 GMT" time="0.114" errors="0">
  <testcase name="f1" time="0.031" classname="testNGFramework.GroupingConcept"/>
  <testcase name="f3" time="0.0" classname="testNGFramework.GroupingConcept"/>
  <testcase name="f5" time="0.0" classname="testNGFramework.GroupingConcept"/>
  <testcase name="f2" time="0.0" classname="testNGFramework.GroupingConcept">
    <ignored/>
  </testcase> <!-- f2 -->
  <testcase name="f4" time="0.0" classname="testNGFramework.GroupingConcept">
    <ignored/>
  </testcase> <!-- f4 -->
</testsuite> <!-- Grouping_Flow -->
