<?xml version="1.0" encoding="UTF-8"?>
<!-- Generated by org.testng.reporters.JUnitXMLReporter -->
<testsuite hostname="DESKTOP-IC20N4B" ignored="0" name="Jpet_Store_Registrartion_Flow" tests="4" failures="0" timestamp="05 Aug 2023 17:13:16 GMT" time="22.602" errors="0">
  <testcase name="pageLoad" time="5.175" classname="testNGFramework.JpetStore"/>
  <testcase name="userInfo" time="0.34" classname="testNGFramework.JpetStore"/>
  <testcase name="accountInfo" time="0.91" classname="testNGFramework.JpetStore"/>
  <testcase name="profileInfo" time="16.147" classname="testNGFramework.JpetStore"/>
</testsuite> <!-- Jpet_Store_Registrartion_Flow -->
