<?xml version="1.0" encoding="UTF-8"?>
<!-- Generated by org.testng.reporters.JUnitXMLReporter -->
<testsuite hostname="DESKTOP-IC20N4B" ignored="0" name="JpetStore_Registeration_Flow" tests="4" failures="0" timestamp="05 Aug 2023 06:32:32 GMT" time="22.81" errors="0">
  <testcase name="pageLoad" time="4.997" classname="testNGFramework.JpetStore"/>
  <testcase name="userInfo" time="0.327" classname="testNGFramework.JpetStore"/>
  <testcase name="accountInfo" time="0.878" classname="testNGFramework.JpetStore"/>
  <testcase name="profileInfo" time="16.563" classname="testNGFramework.JpetStore"/>
</testsuite> <!-- JpetStore_Registeration_Flow -->
