<?xml version="1.0" encoding="UTF-8"?>
<!-- Generated by org.testng.reporters.JUnitXMLReporter -->
<testsuite hostname="DESKTOP-IC20N4B" ignored="0" name="SwagLab_Login_Logout_Flow" tests="3" failures="0" timestamp="05 Aug 2023 17:13:34 GMT" time="18.39" errors="0">
  <testcase name="webPage" time="2.76" classname="testNGFramework.Swaglab"/>
  <testcase name="logIn" time="10.534" classname="testNGFramework.Swaglab"/>
  <testcase name="logOut" time="5.091" classname="testNGFramework.Swaglab"/>
</testsuite> <!-- SwagLab_Login_Logout_Flow -->
